Build Step
Already up-to-date.
Checking HelloWorld.c ...
1/6 files checked 16% done
Checking JenTest/HelloWorld.c ...
2/6 files checked 33% done
Checking JenTest/main.c ...
3/6 files checked 50% done
Checking JenTest/simple.c ...
4/6 files checked 66% done
Checking main.c ...
5/6 files checked 83% done
Checking simple.c ...
6/6 files checked 100% done
Hello, World! Seungwoo
Hello, World! Seungwoo
[master 4ef1004] EC2 Cron
 Committer: EC2 Default User <ec2-user@ip-172-31-23-174.us-west-2.compute.internal>
Your name and email address were configured automatically based
on your username and hostname. Please check that they are accurate.
You can suppress this message by setting them explicitly. Run the
following command and follow the instructions in your editor to edit
your configuration file:

    git config --global --edit

After doing this, you may fix the identity used for this commit with:

    git commit --amend --reset-author

 1 file changed, 16 insertions(+)
 create mode 100755 cron.log
To https://github.com/spark7677/JenTest/
   06980f2..4ef1004  master -> master
Build Step
Already up-to-date.
Checking HelloWorld.c ...
1/6 files checked 16% done
Checking JenTest/HelloWorld.c ...
2/6 files checked 33% done
Checking JenTest/main.c ...
3/6 files checked 50% done
Checking JenTest/simple.c ...
4/6 files checked 66% done
Checking main.c ...
5/6 files checked 83% done
Checking simple.c ...
6/6 files checked 100% done
Hello, World! Seungwoo
Hello, World! Seungwoo
[master 634c77e] EC2 Cron
 Committer: EC2 Default User <ec2-user@ip-172-31-23-174.us-west-2.compute.internal>
Your name and email address were configured automatically based
on your username and hostname. Please check that they are accurate.
You can suppress this message by setting them explicitly. Run the
following command and follow the instructions in your editor to edit
your configuration file:

    git config --global --edit

After doing this, you may fix the identity used for this commit with:

    git commit --amend --reset-author

 1 file changed, 34 insertions(+)
To https://github.com/spark7677/JenTest/
   4ef1004..634c77e  master -> master
Build Step
Already up-to-date.
Checking HelloWorld.c ...
1/6 files checked 16% done
Checking JenTest/HelloWorld.c ...
2/6 files checked 33% done
Checking JenTest/main.c ...
3/6 files checked 50% done
Checking JenTest/simple.c ...
4/6 files checked 66% done
Checking main.c ...
5/6 files checked 83% done
Checking simple.c ...
6/6 files checked 100% done
Hello, World! Seungwoo
Hello, World! Seungwoo
